0 verbose cli C:\Program Files\nodejs\node.exe C:\Program Files\nodejs\node_modules\npm\bin\npm-cli.js
1 info using npm@10.9.3
2 info using node@v22.20.0
3 silly config load:file:C:\Users\nikhi\AppData\Local\nvm\v22.20.0\node_modules\npm\npmrc
4 silly config load:file:C:\dev\good-morning-nikhil\.npmrc
5 silly config load:file:C:\Users\nikhi\.npmrc
6 silly config load:file:C:\Program Files\nodejs\etc\npmrc
7 verbose title npm install @playwright/test
8 verbose argv "install" "--save-dev" "@playwright/test"
9 verbose logfile logs-max:10 dir:C:\dev\good-morning-nikhil\.tmp\npm-cache\_logs\2026-04-13T10_23_17_367Z-
10 verbose logfile C:\dev\good-morning-nikhil\.tmp\npm-cache\_logs\2026-04-13T10_23_17_367Z-debug-0.log
11 silly logfile done cleaning log files
12 silly packumentCache heap:4345298944 maxSize:1086324736 maxEntrySize:543162368
13 silly idealTree buildDeps
14 silly fetch manifest @playwright/test@*
15 silly packumentCache full:https://registry.npmjs.org/@playwright%2ftest cache-miss
16 http fetch GET 200 https://registry.npmjs.org/npm 484ms
17 http fetch GET 200 https://registry.npmjs.org/@playwright%2ftest 343ms (cache miss)
18 silly packumentCache full:https://registry.npmjs.org/@playwright%2ftest set size:undefined disposed:false
19 silly placeDep ROOT @playwright/test@1.59.1 OK for: good-morning-nikhil@0.1.0 want: *
20 silly fetch manifest playwright@1.59.1
21 silly packumentCache full:https://registry.npmjs.org/playwright cache-miss
22 http fetch GET 200 https://registry.npmjs.org/playwright 221ms (cache miss)
23 silly packumentCache full:https://registry.npmjs.org/playwright set size:undefined disposed:false
24 silly placeDep ROOT playwright@1.59.1 OK for: @playwright/test@1.59.1 want: 1.59.1
25 silly fetch manifest playwright-core@1.59.1
26 silly packumentCache full:https://registry.npmjs.org/playwright-core cache-miss
27 silly fetch manifest fsevents@2.3.2
28 silly packumentCache full:https://registry.npmjs.org/fsevents cache-miss
29 http fetch GET 200 https://registry.npmjs.org/fsevents 54ms (cache miss)
30 silly packumentCache full:https://registry.npmjs.org/fsevents set size:undefined disposed:false
31 http fetch GET 200 https://registry.npmjs.org/playwright-core 256ms (cache miss)
32 silly packumentCache full:https://registry.npmjs.org/playwright-core set size:undefined disposed:false
33 silly placeDep node_modules/playwright fsevents@2.3.2 OK for: playwright@1.59.1 want: 2.3.2
34 silly placeDep ROOT playwright-core@1.59.1 OK for: playwright@1.59.1 want: 1.59.1
35 silly reify moves {}
36 verbose reify failed optional dependency C:\dev\good-morning-nikhil\node_modules\@tailwindcss\oxide-wasm32-wasi
37 silly reify mark deleted [
37 silly reify   'C:\\dev\\good-morning-nikhil\\node_modules\\@tailwindcss\\oxide-wasm32-wasi'
37 silly reify ]
38 silly audit bulk request {
38 silly audit   '@adobe/css-tools': [ '4.4.4' ],
38 silly audit   '@alloc/quick-lru': [ '5.2.0' ],
38 silly audit   '@asamuzakjp/css-color': [ '5.1.10' ],
38 silly audit   '@asamuzakjp/dom-selector': [ '7.0.9' ],
38 silly audit   '@asamuzakjp/nwsapi': [ '2.3.9' ],
38 silly audit   '@babel/code-frame': [ '7.29.0' ],
38 silly audit   '@babel/compat-data': [ '7.29.0' ],
38 silly audit   '@babel/core': [ '7.29.0' ],
38 silly audit   '@babel/generator': [ '7.29.1' ],
38 silly audit   '@babel/helper-compilation-targets': [ '7.28.6' ],
38 silly audit   '@babel/helper-globals': [ '7.28.0' ],
38 silly audit   '@babel/helper-module-imports': [ '7.28.6' ],
38 silly audit   '@babel/helper-module-transforms': [ '7.28.6' ],
38 silly audit   '@babel/helper-string-parser': [ '7.27.1' ],
38 silly audit   '@babel/helper-validator-identifier': [ '7.28.5' ],
38 silly audit   '@babel/helper-validator-option': [ '7.27.1' ],
38 silly audit   '@babel/helpers': [ '7.29.2' ],
38 silly audit   '@babel/parser': [ '7.29.2' ],
38 silly audit   '@babel/runtime': [ '7.29.2' ],
38 silly audit   '@babel/template': [ '7.28.6' ],
38 silly audit   '@babel/traverse': [ '7.29.0' ],
38 silly audit   '@babel/types': [ '7.29.0' ],
38 silly audit   '@bramus/specificity': [ '2.4.2' ],
38 silly audit   '@csstools/color-helpers': [ '6.0.2' ],
38 silly audit   '@csstools/css-calc': [ '3.1.1' ],
38 silly audit   '@csstools/css-color-parser': [ '4.0.2' ],
38 silly audit   '@csstools/css-parser-algorithms': [ '4.0.0' ],
38 silly audit   '@csstools/css-syntax-patches-for-csstree': [ '1.1.2' ],
38 silly audit   '@csstools/css-tokenizer': [ '4.0.0' ],
38 silly audit   '@emnapi/core': [ '1.9.2' ],
38 silly audit   '@emnapi/runtime': [ '1.9.2' ],
38 silly audit   '@emnapi/wasi-threads': [ '1.2.1' ],
38 silly audit   '@eslint-community/eslint-utils': [ '4.9.1' ],
38 silly audit   'eslint-visitor-keys': [ '3.4.3', '5.0.1', '4.2.1' ],
38 silly audit   '@eslint-community/regexpp': [ '4.12.2' ],
38 silly audit   '@eslint/config-array': [ '0.21.2' ],
38 silly audit   '@eslint/config-helpers': [ '0.4.2' ],
38 silly audit   '@eslint/core': [ '0.17.0' ],
38 silly audit   '@eslint/eslintrc': [ '3.3.5' ],
38 silly audit   '@eslint/js': [ '9.39.4' ],
38 silly audit   '@eslint/object-schema': [ '2.1.7' ],
38 silly audit   '@eslint/plugin-kit': [ '0.4.1' ],
38 silly audit   '@exodus/bytes': [ '1.15.0' ],
38 silly audit   '@humanfs/core': [ '0.19.1' ],
38 silly audit   '@humanfs/node': [ '0.16.7' ],
38 silly audit   '@humanwhocodes/module-importer': [ '1.0.1' ],
38 silly audit   '@humanwhocodes/retry': [ '0.4.3' ],
38 silly audit   '@img/colour': [ '1.1.0' ],
38 silly audit   '@img/sharp-darwin-arm64': [ '0.34.5' ],
38 silly audit   '@img/sharp-darwin-x64': [ '0.34.5' ],
38 silly audit   '@img/sharp-libvips-darwin-arm64': [ '1.2.4' ],
38 silly audit   '@img/sharp-libvips-darwin-x64': [ '1.2.4' ],
38 silly audit   '@img/sharp-libvips-linux-arm': [ '1.2.4' ],
38 silly audit   '@img/sharp-libvips-linux-arm64': [ '1.2.4' ],
38 silly audit   '@img/sharp-libvips-linux-ppc64': [ '1.2.4' ],
38 silly audit   '@img/sharp-libvips-linux-riscv64': [ '1.2.4' ],
38 silly audit   '@img/sharp-libvips-linux-s390x': [ '1.2.4' ],
38 silly audit   '@img/sharp-libvips-linux-x64': [ '1.2.4' ],
38 silly audit   '@img/sharp-libvips-linuxmusl-arm64': [ '1.2.4' ],
38 silly audit   '@img/sharp-libvips-linuxmusl-x64': [ '1.2.4' ],
38 silly audit   '@img/sharp-linux-arm': [ '0.34.5' ],
38 silly audit   '@img/sharp-linux-arm64': [ '0.34.5' ],
38 silly audit   '@img/sharp-linux-ppc64': [ '0.34.5' ],
38 silly audit   '@img/sharp-linux-riscv64': [ '0.34.5' ],
38 silly audit   '@img/sharp-linux-s390x': [ '0.34.5' ],
38 silly audit   '@img/sharp-linux-x64': [ '0.34.5' ],
38 silly audit   '@img/sharp-linuxmusl-arm64': [ '0.34.5' ],
38 silly audit   '@img/sharp-linuxmusl-x64': [ '0.34.5' ],
38 silly audit   '@img/sharp-wasm32': [ '0.34.5' ],
38 silly audit   '@img/sharp-win32-arm64': [ '0.34.5' ],
38 silly audit   '@img/sharp-win32-ia32': [ '0.34.5' ],
38 silly audit   '@img/sharp-win32-x64': [ '0.34.5' ],
38 silly audit   '@jridgewell/gen-mapping': [ '0.3.13' ],
38 silly audit   '@jridgewell/remapping': [ '2.3.5' ],
38 silly audit   '@jridgewell/resolve-uri': [ '3.1.2' ],
38 silly audit   '@jridgewell/sourcemap-codec': [ '1.5.5' ],
38 silly audit   '@jridgewell/trace-mapping': [ '0.3.31' ],
38 silly audit   '@napi-rs/wasm-runtime': [ '0.2.12', '1.1.3' ],
38 silly audit   '@next/env': [ '16.2.3' ],
38 silly audit   '@next/eslint-plugin-next': [ '16.2.3' ],
38 silly audit   '@next/swc-darwin-arm64': [ '16.2.3' ],
38 silly audit   '@next/swc-darwin-x64': [ '16.2.3' ],
38 silly audit   '@next/swc-linux-arm64-gnu': [ '16.2.3' ],
38 silly audit   '@next/swc-linux-arm64-musl': [ '16.2.3' ],
38 silly audit   '@next/swc-linux-x64-gnu': [ '16.2.3' ],
38 silly audit   '@next/swc-linux-x64-musl': [ '16.2.3' ],
38 silly audit   '@next/swc-win32-arm64-msvc': [ '16.2.3' ],
38 silly audit   '@next/swc-win32-x64-msvc': [ '16.2.3' ],
38 silly audit   '@nodelib/fs.scandir': [ '2.1.5' ],
38 silly audit   '@nodelib/fs.stat': [ '2.0.5' ],
38 silly audit   '@nodelib/fs.walk': [ '1.2.8' ],
38 silly audit   '@nolyfill/is-core-module': [ '1.0.39' ],
38 silly audit   '@oxc-project/types': [ '0.124.0' ],
38 silly audit   '@rolldown/binding-android-arm64': [ '1.0.0-rc.15' ],
38 silly audit   '@rolldown/binding-darwin-arm64': [ '1.0.0-rc.15' ],
38 silly audit   '@rolldown/binding-darwin-x64': [ '1.0.0-rc.15' ],
38 silly audit   '@rolldown/binding-freebsd-x64': [ '1.0.0-rc.15' ],
38 silly audit   '@rolldown/binding-linux-arm-gnueabihf': [ '1.0.0-rc.15' ],
38 silly audit   '@rolldown/binding-linux-arm64-gnu': [ '1.0.0-rc.15' ],
38 silly audit   '@rolldown/binding-linux-arm64-musl': [ '1.0.0-rc.15' ],
38 silly audit   '@rolldown/binding-linux-ppc64-gnu': [ '1.0.0-rc.15' ],
38 silly audit   '@rolldown/binding-linux-s390x-gnu': [ '1.0.0-rc.15' ],
38 silly audit   '@rolldown/binding-linux-x64-gnu': [ '1.0.0-rc.15' ],
38 silly audit   '@rolldown/binding-linux-x64-musl': [ '1.0.0-rc.15' ],
38 silly audit   '@rolldown/binding-openharmony-arm64': [ '1.0.0-rc.15' ],
38 silly audit   '@rolldown/binding-wasm32-wasi': [ '1.0.0-rc.15' ],
38 silly audit   '@rolldown/binding-win32-arm64-msvc': [ '1.0.0-rc.15' ],
38 silly audit   '@rolldown/binding-win32-x64-msvc': [ '1.0.0-rc.15' ],
38 silly audit   '@rolldown/pluginutils': [ '1.0.0-rc.7', '1.0.0-rc.15' ],
38 silly audit   '@rtsao/scc': [ '1.1.0' ],
38 silly audit   '@standard-schema/spec': [ '1.1.0' ],
38 silly audit   '@supabase/auth-js': [ '2.103.0' ],
38 silly audit   '@supabase/functions-js': [ '2.103.0' ],
38 silly audit   '@supabase/phoenix': [ '0.4.0' ],
38 silly audit   '@supabase/postgrest-js': [ '2.103.0' ],
38 silly audit   '@supabase/realtime-js': [ '2.103.0' ],
38 silly audit   '@supabase/ssr': [ '0.10.2' ],
38 silly audit   '@supabase/storage-js': [ '2.103.0' ],
38 silly audit   '@supabase/supabase-js': [ '2.103.0' ],
38 silly audit   '@swc/helpers': [ '0.5.15' ],
38 silly audit   '@tailwindcss/node': [ '4.2.2' ],
38 silly audit   '@tailwindcss/oxide': [ '4.2.2' ],
38 silly audit   '@tailwindcss/oxide-android-arm64': [ '4.2.2' ],
38 silly audit   '@tailwindcss/oxide-darwin-arm64': [ '4.2.2' ],
38 silly audit   '@tailwindcss/oxide-darwin-x64': [ '4.2.2' ],
38 silly audit   '@tailwindcss/oxide-freebsd-x64': [ '4.2.2' ],
38 silly audit   '@tailwindcss/oxide-linux-arm-gnueabihf': [ '4.2.2' ],
38 silly audit   '@tailwindcss/oxide-linux-arm64-gnu': [ '4.2.2' ],
38 silly audit   '@tailwindcss/oxide-linux-arm64-musl': [ '4.2.2' ],
38 silly audit   '@tailwindcss/oxide-linux-x64-gnu': [ '4.2.2' ],
38 silly audit   '@tailwindcss/oxide-linux-x64-musl': [ '4.2.2' ],
38 silly audit   '@tailwindcss/oxide-win32-arm64-msvc': [ '4.2.2' ],
38 silly audit   '@tailwindcss/oxide-win32-x64-msvc': [ '4.2.2' ],
38 silly audit   '@tailwindcss/postcss': [ '4.2.2' ],
38 silly audit   '@testing-library/dom': [ '10.4.1' ],
38 silly audit   'aria-query': [ '5.3.0', '5.3.2' ],
38 silly audit   '@testing-library/jest-dom': [ '6.9.1' ],
38 silly audit   'dom-accessibility-api': [ '0.6.3', '0.5.16' ],
38 silly audit   '@testing-library/react': [ '16.3.2' ],
38 silly audit   '@tybys/wasm-util': [ '0.10.1' ],
38 silly audit   '@types/aria-query': [ '5.0.4' ],
38 silly audit   '@types/chai': [ '5.2.3' ],
38 silly audit   '@types/deep-eql': [ '4.0.2' ],
38 silly audit   '@types/estree': [ '1.0.8' ],
38 silly audit   '@types/howler': [ '2.2.12' ],
38 silly audit   '@types/json-schema': [ '7.0.15' ],
38 silly audit   '@types/json5': [ '0.0.29' ],
38 silly audit   '@types/node': [ '20.19.39' ],
38 silly audit   '@types/react': [ '19.2.14' ],
38 silly audit   '@types/react-dom': [ '19.2.3' ],
38 silly audit   '@types/ws': [ '8.18.1' ],
38 silly audit   '@typescript-eslint/eslint-plugin': [ '8.58.1' ],
38 silly audit   ignore: [ '7.0.5', '5.3.2' ],
38 silly audit   '@typescript-eslint/parser': [ '8.58.1' ],
38 silly audit   '@typescript-eslint/project-service': [ '8.58.1' ],
38 silly audit   '@typescript-eslint/scope-manager': [ '8.58.1' ],
38 silly audit   '@typescript-eslint/tsconfig-utils': [ '8.58.1' ],
38 silly audit   '@typescript-eslint/type-utils': [ '8.58.1' ],
38 silly audit   '@typescript-eslint/types': [ '8.58.1' ],
38 silly audit   '@typescript-eslint/typescript-estree': [ '8.58.1' ],
38 silly audit   'balanced-match': [ '4.0.4', '1.0.2' ],
38 silly audit   'brace-expansion': [ '5.0.5', '1.1.13' ],
38 silly audit   minimatch: [ '10.2.5', '3.1.5' ],
38 silly audit   semver: [ '7.7.4', '6.3.1' ],
38 silly audit   '@typescript-eslint/utils': [ '8.58.1' ],
38 silly audit   '@typescript-eslint/visitor-keys': [ '8.58.1' ],
38 silly audit   '@unrs/resolver-binding-android-arm-eabi': [ '1.11.1' ],
38 silly audit   '@unrs/resolver-binding-android-arm64': [ '1.11.1' ],
38 silly audit   '@unrs/resolver-binding-darwin-arm64': [ '1.11.1' ],
38 silly audit   '@unrs/resolver-binding-darwin-x64': [ '1.11.1' ],
38 silly audit   '@unrs/resolver-binding-freebsd-x64': [ '1.11.1' ],
38 silly audit   '@unrs/resolver-binding-linux-arm-gnueabihf': [ '1.11.1' ],
38 silly audit   '@unrs/resolver-binding-linux-arm-musleabihf': [ '1.11.1' ],
38 silly audit   '@unrs/resolver-binding-linux-arm64-gnu': [ '1.11.1' ],
38 silly audit   '@unrs/resolver-binding-linux-arm64-musl': [ '1.11.1' ],
38 silly audit   '@unrs/resolver-binding-linux-ppc64-gnu': [ '1.11.1' ],
38 silly audit   '@unrs/resolver-binding-linux-riscv64-gnu': [ '1.11.1' ],
38 silly audit   '@unrs/resolver-binding-linux-riscv64-musl': [ '1.11.1' ],
38 silly audit   '@unrs/resolver-binding-linux-s390x-gnu': [ '1.11.1' ],
38 silly audit   '@unrs/resolver-binding-linux-x64-gnu': [ '1.11.1' ],
38 silly audit   '@unrs/resolver-binding-linux-x64-musl': [ '1.11.1' ],
38 silly audit   '@unrs/resolver-binding-wasm32-wasi': [ '1.11.1' ],
38 silly audit   '@unrs/resolver-binding-win32-arm64-msvc': [ '1.11.1' ],
38 silly audit   '@unrs/resolver-binding-win32-ia32-msvc': [ '1.11.1' ],
38 silly audit   '@unrs/resolver-binding-win32-x64-msvc': [ '1.11.1' ],
38 silly audit   '@vitejs/plugin-react': [ '6.0.1' ],
38 silly audit   '@vitest/expect': [ '4.1.4' ],
38 silly audit   '@vitest/mocker': [ '4.1.4' ],
38 silly audit   '@vitest/pretty-format': [ '4.1.4' ],
38 silly audit   '@vitest/runner': [ '4.1.4' ],
38 silly audit   '@vitest/snapshot': [ '4.1.4' ],
38 silly audit   '@vitest/spy': [ '4.1.4' ],
38 silly audit   '@vitest/utils': [ '4.1.4' ],
38 silly audit   acorn: [ '8.16.0' ],
38 silly audit   'acorn-jsx': [ '5.3.2' ],
38 silly audit   ajv: [ '6.14.0' ],
38 silly audit   'ansi-regex': [ '5.0.1' ],
38 silly audit   'ansi-styles': [ '4.3.0', '5.2.0' ],
38 silly audit   argparse: [ '2.0.1' ],
38 silly audit   'array-buffer-byte-length': [ '1.0.2' ],
38 silly audit   'array-includes': [ '3.1.9' ],
38 silly audit   'array.prototype.findlast': [ '1.2.5' ],
38 silly audit   'array.prototype.findlastindex': [ '1.2.6' ],
38 silly audit   'array.prototype.flat': [ '1.3.3' ],
38 silly audit   'array.prototype.flatmap': [ '1.3.3' ],
38 silly audit   'array.prototype.tosorted': [ '1.1.4' ],
38 silly audit   'arraybuffer.prototype.slice': [ '1.0.4' ],
38 silly audit   'assertion-error': [ '2.0.1' ],
38 silly audit   'ast-types-flow': [ '0.0.8' ],
38 silly audit   'async-function': [ '1.0.0' ],
38 silly audit   'available-typed-arrays': [ '1.0.7' ],
38 silly audit   'axe-core': [ '4.11.2' ],
38 silly audit   'axobject-query': [ '4.1.0' ],
38 silly audit   'baseline-browser-mapping': [ '2.10.17' ],
38 silly audit   'bidi-js': [ '1.0.3' ],
38 silly audit   braces: [ '3.0.3' ],
38 silly audit   browserslist: [ '4.28.2' ],
38 silly audit   'call-bind': [ '1.0.9' ],
38 silly audit   'call-bind-apply-helpers': [ '1.0.2' ],
38 silly audit   'call-bound': [ '1.0.4' ],
38 silly audit   callsites: [ '3.1.0' ],
38 silly audit   'caniuse-lite': [ '1.0.30001787' ],
38 silly audit   chai: [ '6.2.2' ],
38 silly audit   chalk: [ '4.1.2' ],
38 silly audit   'client-only': [ '0.0.1' ],
38 silly audit   'color-convert': [ '2.0.1' ],
38 silly audit   'color-name': [ '1.1.4' ],
38 silly audit   'concat-map': [ '0.0.1' ],
38 silly audit   'convert-source-map': [ '2.0.0' ],
38 silly audit   cookie: [ '1.1.1' ],
38 silly audit   'cross-spawn': [ '7.0.6' ],
38 silly audit   'css-tree': [ '3.2.1' ],
38 silly audit   'css.escape': [ '1.5.1' ],
38 silly audit   csstype: [ '3.2.3' ],
38 silly audit   'damerau-levenshtein': [ '1.0.8' ],
38 silly audit   'data-urls': [ '7.0.0' ],
38 silly audit   'data-view-buffer': [ '1.0.2' ],
38 silly audit   'data-view-byte-length': [ '1.0.2' ],
38 silly audit   'data-view-byte-offset': [ '1.0.1' ],
38 silly audit   debug: [ '4.4.3', '3.2.7' ],
38 silly audit   'decimal.js': [ '10.6.0' ],
38 silly audit   'deep-is': [ '0.1.4' ],
38 silly audit   'define-data-property': [ '1.1.4' ],
38 silly audit   'define-properties': [ '1.2.1' ],
38 silly audit   dequal: [ '2.0.3' ],
38 silly audit   'detect-libc': [ '2.1.2' ],
38 silly audit   doctrine: [ '2.1.0' ],
38 silly audit   'dunder-proto': [ '1.0.1' ],
38 silly audit   'electron-to-chromium': [ '1.5.334' ],
38 silly audit   'emoji-regex': [ '9.2.2' ],
38 silly audit   'enhanced-resolve': [ '5.20.1' ],
38 silly audit   entities: [ '6.0.1' ],
38 silly audit   'es-abstract': [ '1.24.2' ],
38 silly audit   'es-define-property': [ '1.0.1' ],
38 silly audit   'es-errors': [ '1.3.0' ],
38 silly audit   'es-iterator-helpers': [ '1.3.2' ],
38 silly audit   'es-module-lexer': [ '2.0.0' ],
38 silly audit   'es-object-atoms': [ '1.1.1' ],
38 silly audit   'es-set-tostringtag': [ '2.1.0' ],
38 silly audit   'es-shim-unscopables': [ '1.1.0' ],
38 silly audit   'es-to-primitive': [ '1.3.0' ],
38 silly audit   escalade: [ '3.2.0' ],
38 silly audit   'escape-string-regexp': [ '4.0.0' ],
38 silly audit   eslint: [ '9.39.4' ],
38 silly audit   'eslint-config-next': [ '16.2.3' ],
38 silly audit   globals: [ '16.4.0', '14.0.0' ],
38 silly audit   'eslint-import-resolver-node': [ '0.3.10' ],
38 silly audit   'eslint-import-resolver-typescript': [ '3.10.1' ],
38 silly audit   'eslint-module-utils': [ '2.12.1' ],
38 silly audit   'eslint-plugin-import': [ '2.32.0' ],
38 silly audit   'eslint-plugin-jsx-a11y': [ '6.10.2' ],
38 silly audit   'eslint-plugin-react': [ '7.37.5' ],
38 silly audit   'eslint-plugin-react-hooks': [ '7.0.1' ],
38 silly audit   'eslint-scope': [ '8.4.0' ],
38 silly audit   espree: [ '10.4.0' ],
38 silly audit   esquery: [ '1.7.0' ],
38 silly audit   esrecurse: [ '4.3.0' ],
38 silly audit   estraverse: [ '5.3.0' ],
38 silly audit   'estree-walker': [ '3.0.3' ],
38 silly audit   esutils: [ '2.0.3' ],
38 silly audit   'expect-type': [ '1.3.0' ],
38 silly audit   'fake-indexeddb': [ '6.2.5' ],
38 silly audit   'fast-deep-equal': [ '3.1.3' ],
38 silly audit   'fast-glob': [ '3.3.1' ],
38 silly audit   'glob-parent': [ '5.1.2', '6.0.2' ],
38 silly audit   'fast-json-stable-stringify': [ '2.1.0' ],
38 silly audit   'fast-levenshtein': [ '2.0.6' ],
38 silly audit   fastq: [ '1.20.1' ],
38 silly audit   'file-entry-cache': [ '8.0.0' ],
38 silly audit   'fill-range': [ '7.1.1' ],
38 silly audit   'find-up': [ '5.0.0' ],
38 silly audit   'flat-cache': [ '4.0.1' ],
38 silly audit   flatted: [ '3.4.2' ],
38 silly audit   'for-each': [ '0.3.5' ],
38 silly audit   'framer-motion': [ '12.38.0' ],
38 silly audit   fsevents: [ '2.3.3', '2.3.2' ],
38 silly audit   'function-bind': [ '1.1.2' ],
38 silly audit   'function.prototype.name': [ '1.1.8' ],
38 silly audit   'functions-have-names': [ '1.2.3' ],
38 silly audit   'generator-function': [ '2.0.1' ],
38 silly audit   gensync: [ '1.0.0-beta.2' ],
38 silly audit   'get-intrinsic': [ '1.3.0' ],
38 silly audit   'get-proto': [ '1.0.1' ],
38 silly audit   'get-symbol-description': [ '1.1.0' ],
38 silly audit   'get-tsconfig': [ '4.13.7' ],
38 silly audit   globalthis: [ '1.0.4' ],
38 silly audit   gopd: [ '1.2.0' ],
38 silly audit   'graceful-fs': [ '4.2.11' ],
38 silly audit   'has-bigints': [ '1.1.0' ],
38 silly audit   'has-flag': [ '4.0.0' ],
38 silly audit   'has-property-descriptors': [ '1.0.2' ],
38 silly audit   'has-proto': [ '1.2.0' ],
38 silly audit   'has-symbols': [ '1.1.0' ],
38 silly audit   'has-tostringtag': [ '1.0.2' ],
38 silly audit   hasown: [ '2.0.2' ],
38 silly audit   'hermes-estree': [ '0.25.1' ],
38 silly audit   'hermes-parser': [ '0.25.1' ],
38 silly audit   howler: [ '2.2.4' ],
38 silly audit   'html-encoding-sniffer': [ '6.0.0' ],
38 silly audit   'iceberg-js': [ '0.8.1' ],
38 silly audit   'import-fresh': [ '3.3.1' ],
38 silly audit   imurmurhash: [ '0.1.4' ],
38 silly audit   'indent-string': [ '4.0.0' ],
38 silly audit   'internal-slot': [ '1.1.0' ],
38 silly audit   'is-array-buffer': [ '3.0.5' ],
38 silly audit   'is-async-function': [ '2.1.1' ],
38 silly audit   'is-bigint': [ '1.1.0' ],
38 silly audit   'is-boolean-object': [ '1.2.2' ],
38 silly audit   'is-bun-module': [ '2.0.0' ],
38 silly audit   'is-callable': [ '1.2.7' ],
38 silly audit   'is-core-module': [ '2.16.1' ],
38 silly audit   'is-data-view': [ '1.0.2' ],
38 silly audit   'is-date-object': [ '1.1.0' ],
38 silly audit   'is-extglob': [ '2.1.1' ],
38 silly audit   'is-finalizationregistry': [ '1.1.1' ],
38 silly audit   'is-generator-function': [ '1.1.2' ],
38 silly audit   'is-glob': [ '4.0.3' ],
38 silly audit   'is-map': [ '2.0.3' ],
38 silly audit   'is-negative-zero': [ '2.0.3' ],
38 silly audit   'is-number': [ '7.0.0' ],
38 silly audit   'is-number-object': [ '1.1.1' ],
38 silly audit   'is-potential-custom-element-name': [ '1.0.1' ],
38 silly audit   'is-regex': [ '1.2.1' ],
38 silly audit   'is-set': [ '2.0.3' ],
38 silly audit   'is-shared-array-buffer': [ '1.0.4' ],
38 silly audit   'is-string': [ '1.1.1' ],
38 silly audit   'is-symbol': [ '1.1.1' ],
38 silly audit   'is-typed-array': [ '1.1.15' ],
38 silly audit   'is-weakmap': [ '2.0.2' ],
38 silly audit   'is-weakref': [ '1.1.1' ],
38 silly audit   'is-weakset': [ '2.0.4' ],
38 silly audit   isarray: [ '2.0.5' ],
38 silly audit   isexe: [ '2.0.0' ],
38 silly audit   'iterator.prototype': [ '1.1.5' ],
38 silly audit   jiti: [ '2.6.1' ],
38 silly audit   'js-tokens': [ '4.0.0' ],
38 silly audit   'js-yaml': [ '4.1.1' ],
38 silly audit   jsdom: [ '29.0.2' ],
38 silly audit   'lru-cache': [ '11.3.3', '5.1.1' ],
38 silly audit   jsesc: [ '3.1.0' ],
38 silly audit   'json-buffer': [ '3.0.1' ],
38 silly audit   'json-schema-traverse': [ '0.4.1' ],
38 silly audit   'json-stable-stringify-without-jsonify': [ '1.0.1' ],
38 silly audit   json5: [ '2.2.3', '1.0.2' ],
38 silly audit   'jsx-ast-utils': [ '3.3.5' ],
38 silly audit   keyv: [ '4.5.4' ],
38 silly audit   'language-subtag-registry': [ '0.3.23' ],
38 silly audit   'language-tags': [ '1.0.9' ],
38 silly audit   levn: [ '0.4.1' ],
38 silly audit   lightningcss: [ '1.32.0' ],
38 silly audit   'lightningcss-android-arm64': [ '1.32.0' ],
38 silly audit   'lightningcss-darwin-arm64': [ '1.32.0' ],
38 silly audit   'lightningcss-darwin-x64': [ '1.32.0' ],
38 silly audit   'lightningcss-freebsd-x64': [ '1.32.0' ],
38 silly audit   'lightningcss-linux-arm-gnueabihf': [ '1.32.0' ],
38 silly audit   'lightningcss-linux-arm64-gnu': [ '1.32.0' ],
38 silly audit   'lightningcss-linux-arm64-musl': [ '1.32.0' ],
38 silly audit   'lightningcss-linux-x64-gnu': [ '1.32.0' ],
38 silly audit   'lightningcss-linux-x64-musl': [ '1.32.0' ],
38 silly audit   'lightningcss-win32-arm64-msvc': [ '1.32.0' ],
38 silly audit   'lightningcss-win32-x64-msvc': [ '1.32.0' ],
38 silly audit   'locate-path': [ '6.0.0' ],
38 silly audit   'lodash.merge': [ '4.6.2' ],
38 silly audit   'loose-envify': [ '1.4.0' ],
38 silly audit   'lz-string': [ '1.5.0' ],
38 silly audit   'magic-string': [ '0.30.21' ],
38 silly audit   'math-intrinsics': [ '1.1.0' ],
38 silly audit   'mdn-data': [ '2.27.1' ],
38 silly audit   merge2: [ '1.4.1' ],
38 silly audit   micromatch: [ '4.0.8' ],
38 silly audit   'min-indent': [ '1.0.1' ],
38 silly audit   minimist: [ '1.2.8' ],
38 silly audit   'motion-dom': [ '12.38.0' ],
38 silly audit   'motion-utils': [ '12.36.0' ],
38 silly audit   ms: [ '2.1.3' ],
38 silly audit   nanoid: [ '3.3.11' ],
38 silly audit   'napi-postinstall': [ '0.3.4' ],
38 silly audit   'natural-compare': [ '1.4.0' ],
38 silly audit   next: [ '16.2.3' ],
38 silly audit   postcss: [ '8.4.31', '8.5.9' ],
38 silly audit   'node-exports-info': [ '1.6.0' ],
38 silly audit   'node-releases': [ '2.0.37' ],
38 silly audit   'object-assign': [ '4.1.1' ],
38 silly audit   'object-inspect': [ '1.13.4' ],
38 silly audit   'object-keys': [ '1.1.1' ],
38 silly audit   'object.assign': [ '4.1.7' ],
38 silly audit   'object.entries': [ '1.1.9' ],
38 silly audit   'object.fromentries': [ '2.0.8' ],
38 silly audit   'object.groupby': [ '1.0.3' ],
38 silly audit   'object.values': [ '1.2.1' ],
38 silly audit   obug: [ '2.1.1' ],
38 silly audit   optionator: [ '0.9.4' ],
38 silly audit   'own-keys': [ '1.0.1' ],
38 silly audit   'p-limit': [ '3.1.0' ],
38 silly audit   'p-locate': [ '5.0.0' ],
38 silly audit   'parent-module': [ '1.0.1' ],
38 silly audit   parse5: [ '8.0.0' ],
38 silly audit   'path-exists': [ '4.0.0' ],
38 silly audit   'path-key': [ '3.1.1' ],
38 silly audit   'path-parse': [ '1.0.7' ],
38 silly audit   pathe: [ '2.0.3' ],
38 silly audit   picocolors: [ '1.1.1' ],
38 silly audit   picomatch: [ '2.3.2', '4.0.4' ],
38 silly audit   'possible-typed-array-names': [ '1.1.0' ],
38 silly audit   'prelude-ls': [ '1.2.1' ],
38 silly audit   'pretty-format': [ '27.5.1' ],
38 silly audit   'react-is': [ '17.0.2', '16.13.1' ],
38 silly audit   'prop-types': [ '15.8.1' ],
38 silly audit   punycode: [ '2.3.1' ],
38 silly audit   'queue-microtask': [ '1.2.3' ],
38 silly audit   react: [ '19.2.4' ],
38 silly audit   'react-dom': [ '19.2.4' ],
38 silly audit   redent: [ '3.0.0' ],
38 silly audit   'reflect.getprototypeof': [ '1.0.10' ],
38 silly audit   'regexp.prototype.flags': [ '1.5.4' ],
38 silly audit   'require-from-string': [ '2.0.2' ],
38 silly audit   resolve: [ '2.0.0-next.6' ],
38 silly audit   'resolve-from': [ '4.0.0' ],
38 silly audit   'resolve-pkg-maps': [ '1.0.0' ],
38 silly audit   reusify: [ '1.1.0' ],
38 silly audit   rolldown: [ '1.0.0-rc.15' ],
38 silly audit   'run-parallel': [ '1.2.0' ],
38 silly audit   'safe-array-concat': [ '1.1.3' ],
38 silly audit   'safe-push-apply': [ '1.0.0' ],
38 silly audit   'safe-regex-test': [ '1.1.0' ],
38 silly audit   saxes: [ '6.0.0' ],
38 silly audit   scheduler: [ '0.27.0' ],
38 silly audit   'set-function-length': [ '1.2.2' ],
38 silly audit   'set-function-name': [ '2.0.2' ],
38 silly audit   'set-proto': [ '1.0.0' ],
38 silly audit   sharp: [ '0.34.5' ],
38 silly audit   'shebang-command': [ '2.0.0' ],
38 silly audit   'shebang-regex': [ '3.0.0' ],
38 silly audit   'side-channel': [ '1.1.0' ],
38 silly audit   'side-channel-list': [ '1.0.1' ],
38 silly audit   'side-channel-map': [ '1.0.1' ],
38 silly audit   'side-channel-weakmap': [ '1.0.2' ],
38 silly audit   siginfo: [ '2.0.0' ],
38 silly audit   'source-map-js': [ '1.2.1' ],
38 silly audit   'stable-hash': [ '0.0.5' ],
38 silly audit   stackback: [ '0.0.2' ],
38 silly audit   'std-env': [ '4.0.0' ],
38 silly audit   'stop-iteration-iterator': [ '1.1.0' ],
38 silly audit   'string.prototype.includes': [ '2.0.1' ],
38 silly audit   'string.prototype.matchall': [ '4.0.12' ],
38 silly audit   'string.prototype.repeat': [ '1.0.0' ],
38 silly audit   'string.prototype.trim': [ '1.2.10' ],
38 silly audit   'string.prototype.trimend': [ '1.0.9' ],
38 silly audit   'string.prototype.trimstart': [ '1.0.8' ],
38 silly audit   'strip-bom': [ '3.0.0' ],
38 silly audit   'strip-indent': [ '3.0.0' ],
38 silly audit   'strip-json-comments': [ '3.1.1' ],
38 silly audit   'styled-jsx': [ '5.1.6' ],
38 silly audit   'supports-color': [ '7.2.0' ],
38 silly audit   'supports-preserve-symlinks-flag': [ '1.0.0' ],
38 silly audit   'symbol-tree': [ '3.2.4' ],
38 silly audit   tailwindcss: [ '4.2.2' ],
38 silly audit   tapable: [ '2.3.2' ],
38 silly audit   tinybench: [ '2.9.0' ],
38 silly audit   tinyexec: [ '1.1.1' ],
38 silly audit   tinyglobby: [ '0.2.16' ],
38 silly audit   fdir: [ '6.5.0' ],
38 silly audit   tinyrainbow: [ '3.1.0' ],
38 silly audit   tldts: [ '7.0.28' ],
38 silly audit   'tldts-core': [ '7.0.28' ],
38 silly audit   'to-regex-range': [ '5.0.1' ],
38 silly audit   'tough-cookie': [ '6.0.1' ],
38 silly audit   tr46: [ '6.0.0' ],
38 silly audit   'ts-api-utils': [ '2.5.0' ],
38 silly audit   'tsconfig-paths': [ '3.15.0' ],
38 silly audit   tslib: [ '2.8.1' ],
38 silly audit   'type-check': [ '0.4.0' ],
38 silly audit   'typed-array-buffer': [ '1.0.3' ],
38 silly audit   'typed-array-byte-length': [ '1.0.3' ],
38 silly audit   'typed-array-byte-offset': [ '1.0.4' ],
38 silly audit   'typed-array-length': [ '1.0.7' ],
38 silly audit   typescript: [ '5.9.3' ],
38 silly audit   'typescript-eslint': [ '8.58.1' ],
38 silly audit   'unbox-primitive': [ '1.1.0' ],
38 silly audit   undici: [ '7.24.7' ],
38 silly audit   'undici-types': [ '6.21.0' ],
38 silly audit   'unrs-resolver': [ '1.11.1' ],
38 silly audit   'update-browserslist-db': [ '1.2.3' ],
38 silly audit   'uri-js': [ '4.4.1' ],
38 silly audit   vite: [ '8.0.8' ],
38 silly audit   vitest: [ '4.1.4' ],
38 silly audit   'w3c-xmlserializer': [ '5.0.0' ],
38 silly audit   'webidl-conversions': [ '8.0.1' ],
38 silly audit   'whatwg-mimetype': [ '5.0.0' ],
38 silly audit   'whatwg-url': [ '16.0.1' ],
38 silly audit   which: [ '2.0.2' ],
38 silly audit   'which-boxed-primitive': [ '1.1.1' ],
38 silly audit   'which-builtin-type': [ '1.2.1' ],
38 silly audit   'which-collection': [ '1.0.2' ],
38 silly audit   'which-typed-array': [ '1.1.20' ],
38 silly audit   'why-is-node-running': [ '2.3.0' ],
38 silly audit   'word-wrap': [ '1.2.5' ],
38 silly audit   ws: [ '8.20.0' ],
38 silly audit   'xml-name-validator': [ '5.0.0' ],
38 silly audit   xmlchars: [ '2.2.0' ],
38 silly audit   yallist: [ '3.1.1' ],
38 silly audit   'yocto-queue': [ '0.1.0' ],
38 silly audit   zod: [ '4.3.6' ],
38 silly audit   'zod-validation-error': [ '4.0.2' ],
38 silly audit   '@playwright/test': [ '1.59.1' ],
38 silly audit   playwright: [ '1.59.1' ],
38 silly audit   'playwright-core': [ '1.59.1' ],
38 silly audit   '@tailwindcss/oxide-wasm32-wasi': [ '4.2.2' ]
38 silly audit }
39 verbose reify failed optional dependency C:\dev\good-morning-nikhil\node_modules\playwright\node_modules\fsevents
40 silly reify mark deleted [
40 silly reify   'C:\\dev\\good-morning-nikhil\\node_modules\\playwright\\node_modules\\fsevents'
40 silly reify ]
41 verbose reify failed optional dependency C:\dev\good-morning-nikhil\node_modules\lightningcss-win32-arm64-msvc
42 silly reify mark deleted [
42 silly reify   'C:\\dev\\good-morning-nikhil\\node_modules\\lightningcss-win32-arm64-msvc'
42 silly reify ]
43 verbose reify failed optional dependency C:\dev\good-morning-nikhil\node_modules\lightningcss-linux-x64-musl
44 silly reify mark deleted [
44 silly reify   'C:\\dev\\good-morning-nikhil\\node_modules\\lightningcss-linux-x64-musl'
44 silly reify ]
45 verbose reify failed optional dependency C:\dev\good-morning-nikhil\node_modules\lightningcss-linux-x64-gnu
46 silly reify mark deleted [
46 silly reify   'C:\\dev\\good-morning-nikhil\\node_modules\\lightningcss-linux-x64-gnu'
46 silly reify ]
47 verbose reify failed optional dependency C:\dev\good-morning-nikhil\node_modules\lightningcss-linux-arm64-musl
48 silly reify mark deleted [
48 silly reify   'C:\\dev\\good-morning-nikhil\\node_modules\\lightningcss-linux-arm64-musl'
48 silly reify ]
49 verbose reify failed optional dependency C:\dev\good-morning-nikhil\node_modules\lightningcss-linux-arm64-gnu
50 silly reify mark deleted [
50 silly reify   'C:\\dev\\good-morning-nikhil\\node_modules\\lightningcss-linux-arm64-gnu'
50 silly reify ]
51 verbose reify failed optional dependency C:\dev\good-morning-nikhil\node_modules\lightningcss-linux-arm-gnueabihf
52 silly reify mark deleted [
52 silly reify   'C:\\dev\\good-morning-nikhil\\node_modules\\lightningcss-linux-arm-gnueabihf'
52 silly reify ]
53 verbose reify failed optional dependency C:\dev\good-morning-nikhil\node_modules\lightningcss-freebsd-x64
54 silly reify mark deleted [
54 silly reify   'C:\\dev\\good-morning-nikhil\\node_modules\\lightningcss-freebsd-x64'
54 silly reify ]
55 verbose reify failed optional dependency C:\dev\good-morning-nikhil\node_modules\lightningcss-darwin-x64
56 silly reify mark deleted [
56 silly reify   'C:\\dev\\good-morning-nikhil\\node_modules\\lightningcss-darwin-x64'
56 silly reify ]
57 verbose reify failed optional dependency C:\dev\good-morning-nikhil\node_modules\lightningcss-darwin-arm64
58 silly reify mark deleted [
58 silly reify   'C:\\dev\\good-morning-nikhil\\node_modules\\lightningcss-darwin-arm64'
58 silly reify ]
59 verbose reify failed optional dependency C:\dev\good-morning-nikhil\node_modules\lightningcss-android-arm64
60 silly reify mark deleted [
60 silly reify   'C:\\dev\\good-morning-nikhil\\node_modules\\lightningcss-android-arm64'
60 silly reify ]
61 verbose reify failed optional dependency C:\dev\good-morning-nikhil\node_modules\fsevents
62 silly reify mark deleted [ 'C:\\dev\\good-morning-nikhil\\node_modules\\fsevents' ]
63 verbose reify failed optional dependency C:\dev\good-morning-nikhil\node_modules\@unrs\resolver-binding-win32-ia32-msvc
64 silly reify mark deleted [
64 silly reify   'C:\\dev\\good-morning-nikhil\\node_modules\\@unrs\\resolver-binding-win32-ia32-msvc'
64 silly reify ]
65 verbose reify failed optional dependency C:\dev\good-morning-nikhil\node_modules\@unrs\resolver-binding-win32-arm64-msvc
66 silly reify mark deleted [
66 silly reify   'C:\\dev\\good-morning-nikhil\\node_modules\\@unrs\\resolver-binding-win32-arm64-msvc'
66 silly reify ]
67 verbose reify failed optional dependency C:\dev\good-morning-nikhil\node_modules\@unrs\resolver-binding-wasm32-wasi
68 silly reify mark deleted [
68 silly reify   'C:\\dev\\good-morning-nikhil\\node_modules\\@unrs\\resolver-binding-wasm32-wasi'
68 silly reify ]
69 verbose reify failed optional dependency C:\dev\good-morning-nikhil\node_modules\@unrs\resolver-binding-linux-x64-musl
70 silly reify mark deleted [
70 silly reify   'C:\\dev\\good-morning-nikhil\\node_modules\\@unrs\\resolver-binding-linux-x64-musl'
70 silly reify ]
71 verbose reify failed optional dependency C:\dev\good-morning-nikhil\node_modules\@unrs\resolver-binding-linux-x64-gnu
72 silly reify mark deleted [
72 silly reify   'C:\\dev\\good-morning-nikhil\\node_modules\\@unrs\\resolver-binding-linux-x64-gnu'
72 silly reify ]
73 verbose reify failed optional dependency C:\dev\good-morning-nikhil\node_modules\@unrs\resolver-binding-linux-s390x-gnu
74 silly reify mark deleted [
74 silly reify   'C:\\dev\\good-morning-nikhil\\node_modules\\@unrs\\resolver-binding-linux-s390x-gnu'
74 silly reify ]
75 verbose reify failed optional dependency C:\dev\good-morning-nikhil\node_modules\@unrs\resolver-binding-linux-riscv64-musl
76 silly reify mark deleted [
76 silly reify   'C:\\dev\\good-morning-nikhil\\node_modules\\@unrs\\resolver-binding-linux-riscv64-musl'
76 silly reify ]
77 verbose reify failed optional dependency C:\dev\good-morning-nikhil\node_modules\@unrs\resolver-binding-linux-riscv64-gnu
78 silly reify mark deleted [
78 silly reify   'C:\\dev\\good-morning-nikhil\\node_modules\\@unrs\\resolver-binding-linux-riscv64-gnu'
78 silly reify ]
79 verbose reify failed optional dependency C:\dev\good-morning-nikhil\node_modules\@unrs\resolver-binding-linux-ppc64-gnu
80 silly reify mark deleted [
80 silly reify   'C:\\dev\\good-morning-nikhil\\node_modules\\@unrs\\resolver-binding-linux-ppc64-gnu'
80 silly reify ]
81 verbose reify failed optional dependency C:\dev\good-morning-nikhil\node_modules\@unrs\resolver-binding-linux-arm64-musl
82 silly reify mark deleted [
82 silly reify   'C:\\dev\\good-morning-nikhil\\node_modules\\@unrs\\resolver-binding-linux-arm64-musl'
82 silly reify ]
83 verbose reify failed optional dependency C:\dev\good-morning-nikhil\node_modules\@unrs\resolver-binding-linux-arm64-gnu
84 silly reify mark deleted [
84 silly reify   'C:\\dev\\good-morning-nikhil\\node_modules\\@unrs\\resolver-binding-linux-arm64-gnu'
84 silly reify ]
85 verbose reify failed optional dependency C:\dev\good-morning-nikhil\node_modules\@unrs\resolver-binding-linux-arm-musleabihf
86 silly reify mark deleted [
86 silly reify   'C:\\dev\\good-morning-nikhil\\node_modules\\@unrs\\resolver-binding-linux-arm-musleabihf'
86 silly reify ]
87 verbose reify failed optional dependency C:\dev\good-morning-nikhil\node_modules\@unrs\resolver-binding-linux-arm-gnueabihf
88 silly reify mark deleted [
88 silly reify   'C:\\dev\\good-morning-nikhil\\node_modules\\@unrs\\resolver-binding-linux-arm-gnueabihf'
88 silly reify ]
89 verbose reify failed optional dependency C:\dev\good-morning-nikhil\node_modules\@unrs\resolver-binding-freebsd-x64
90 silly reify mark deleted [
90 silly reify   'C:\\dev\\good-morning-nikhil\\node_modules\\@unrs\\resolver-binding-freebsd-x64'
90 silly reify ]
91 verbose reify failed optional dependency C:\dev\good-morning-nikhil\node_modules\@unrs\resolver-binding-darwin-x64
92 silly reify mark deleted [
92 silly reify   'C:\\dev\\good-morning-nikhil\\node_modules\\@unrs\\resolver-binding-darwin-x64'
92 silly reify ]
93 verbose reify failed optional dependency C:\dev\good-morning-nikhil\node_modules\@unrs\resolver-binding-darwin-arm64
94 silly reify mark deleted [
94 silly reify   'C:\\dev\\good-morning-nikhil\\node_modules\\@unrs\\resolver-binding-darwin-arm64'
94 silly reify ]
95 verbose reify failed optional dependency C:\dev\good-morning-nikhil\node_modules\@unrs\resolver-binding-android-arm64
96 silly reify mark deleted [
96 silly reify   'C:\\dev\\good-morning-nikhil\\node_modules\\@unrs\\resolver-binding-android-arm64'
96 silly reify ]
97 verbose reify failed optional dependency C:\dev\good-morning-nikhil\node_modules\@unrs\resolver-binding-android-arm-eabi
98 silly reify mark deleted [
98 silly reify   'C:\\dev\\good-morning-nikhil\\node_modules\\@unrs\\resolver-binding-android-arm-eabi'
98 silly reify ]
99 verbose reify failed optional dependency C:\dev\good-morning-nikhil\node_modules\@tailwindcss\oxide-win32-arm64-msvc
100 silly reify mark deleted [
100 silly reify   'C:\\dev\\good-morning-nikhil\\node_modules\\@tailwindcss\\oxide-win32-arm64-msvc'
100 silly reify ]
101 verbose reify failed optional dependency C:\dev\good-morning-nikhil\node_modules\@tailwindcss\oxide-linux-x64-musl
102 silly reify mark deleted [
102 silly reify   'C:\\dev\\good-morning-nikhil\\node_modules\\@tailwindcss\\oxide-linux-x64-musl'
102 silly reify ]
103 verbose reify failed optional dependency C:\dev\good-morning-nikhil\node_modules\@tailwindcss\oxide-linux-x64-gnu
104 silly reify mark deleted [
104 silly reify   'C:\\dev\\good-morning-nikhil\\node_modules\\@tailwindcss\\oxide-linux-x64-gnu'
104 silly reify ]
105 verbose reify failed optional dependency C:\dev\good-morning-nikhil\node_modules\@tailwindcss\oxide-linux-arm64-musl
106 silly reify mark deleted [
106 silly reify   'C:\\dev\\good-morning-nikhil\\node_modules\\@tailwindcss\\oxide-linux-arm64-musl'
106 silly reify ]
107 verbose reify failed optional dependency C:\dev\good-morning-nikhil\node_modules\@tailwindcss\oxide-linux-arm64-gnu
108 silly reify mark deleted [
108 silly reify   'C:\\dev\\good-morning-nikhil\\node_modules\\@tailwindcss\\oxide-linux-arm64-gnu'
108 silly reify ]
109 verbose reify failed optional dependency C:\dev\good-morning-nikhil\node_modules\@tailwindcss\oxide-linux-arm-gnueabihf
110 silly reify mark deleted [
110 silly reify   'C:\\dev\\good-morning-nikhil\\node_modules\\@tailwindcss\\oxide-linux-arm-gnueabihf'
110 silly reify ]
111 verbose reify failed optional dependency C:\dev\good-morning-nikhil\node_modules\@tailwindcss\oxide-freebsd-x64
112 silly reify mark deleted [
112 silly reify   'C:\\dev\\good-morning-nikhil\\node_modules\\@tailwindcss\\oxide-freebsd-x64'
112 silly reify ]
113 verbose reify failed optional dependency C:\dev\good-morning-nikhil\node_modules\@tailwindcss\oxide-darwin-x64
114 silly reify mark deleted [
114 silly reify   'C:\\dev\\good-morning-nikhil\\node_modules\\@tailwindcss\\oxide-darwin-x64'
114 silly reify ]
115 verbose reify failed optional dependency C:\dev\good-morning-nikhil\node_modules\@tailwindcss\oxide-darwin-arm64
116 silly reify mark deleted [
116 silly reify   'C:\\dev\\good-morning-nikhil\\node_modules\\@tailwindcss\\oxide-darwin-arm64'
116 silly reify ]
117 verbose reify failed optional dependency C:\dev\good-morning-nikhil\node_modules\@tailwindcss\oxide-android-arm64
118 silly reify mark deleted [
118 silly reify   'C:\\dev\\good-morning-nikhil\\node_modules\\@tailwindcss\\oxide-android-arm64'
118 silly reify ]
119 verbose reify failed optional dependency C:\dev\good-morning-nikhil\node_modules\@rolldown\binding-win32-arm64-msvc
120 silly reify mark deleted [
120 silly reify   'C:\\dev\\good-morning-nikhil\\node_modules\\@rolldown\\binding-win32-arm64-msvc'
120 silly reify ]
121 verbose reify failed optional dependency C:\dev\good-morning-nikhil\node_modules\@rolldown\binding-wasm32-wasi
122 silly reify mark deleted [
122 silly reify   'C:\\dev\\good-morning-nikhil\\node_modules\\@rolldown\\binding-wasm32-wasi'
122 silly reify ]
123 verbose reify failed optional dependency C:\dev\good-morning-nikhil\node_modules\@rolldown\binding-wasm32-wasi\node_modules\@napi-rs\wasm-runtime
124 silly reify mark deleted [
124 silly reify   'C:\\dev\\good-morning-nikhil\\node_modules\\@rolldown\\binding-wasm32-wasi\\node_modules\\@napi-rs\\wasm-runtime'
124 silly reify ]
125 verbose reify failed optional dependency C:\dev\good-morning-nikhil\node_modules\@rolldown\binding-openharmony-arm64
126 silly reify mark deleted [
126 silly reify   'C:\\dev\\good-morning-nikhil\\node_modules\\@rolldown\\binding-openharmony-arm64'
126 silly reify ]
127 verbose reify failed optional dependency C:\dev\good-morning-nikhil\node_modules\@rolldown\binding-linux-x64-musl
128 silly reify mark deleted [
128 silly reify   'C:\\dev\\good-morning-nikhil\\node_modules\\@rolldown\\binding-linux-x64-musl'
128 silly reify ]
129 verbose reify failed optional dependency C:\dev\good-morning-nikhil\node_modules\@rolldown\binding-linux-x64-gnu
130 silly reify mark deleted [
130 silly reify   'C:\\dev\\good-morning-nikhil\\node_modules\\@rolldown\\binding-linux-x64-gnu'
130 silly reify ]
131 verbose reify failed optional dependency C:\dev\good-morning-nikhil\node_modules\@rolldown\binding-linux-s390x-gnu
132 silly reify mark deleted [
132 silly reify   'C:\\dev\\good-morning-nikhil\\node_modules\\@rolldown\\binding-linux-s390x-gnu'
132 silly reify ]
133 verbose reify failed optional dependency C:\dev\good-morning-nikhil\node_modules\@rolldown\binding-linux-ppc64-gnu
134 silly reify mark deleted [
134 silly reify   'C:\\dev\\good-morning-nikhil\\node_modules\\@rolldown\\binding-linux-ppc64-gnu'
134 silly reify ]
135 verbose reify failed optional dependency C:\dev\good-morning-nikhil\node_modules\@rolldown\binding-linux-arm64-musl
136 silly reify mark deleted [
136 silly reify   'C:\\dev\\good-morning-nikhil\\node_modules\\@rolldown\\binding-linux-arm64-musl'
136 silly reify ]
137 verbose reify failed optional dependency C:\dev\good-morning-nikhil\node_modules\@rolldown\binding-linux-arm64-gnu
138 silly reify mark deleted [
138 silly reify   'C:\\dev\\good-morning-nikhil\\node_modules\\@rolldown\\binding-linux-arm64-gnu'
138 silly reify ]
139 verbose reify failed optional dependency C:\dev\good-morning-nikhil\node_modules\@rolldown\binding-linux-arm-gnueabihf
140 silly reify mark deleted [
140 silly reify   'C:\\dev\\good-morning-nikhil\\node_modules\\@rolldown\\binding-linux-arm-gnueabihf'
140 silly reify ]
141 verbose reify failed optional dependency C:\dev\good-morning-nikhil\node_modules\@rolldown\binding-freebsd-x64
142 silly reify mark deleted [
142 silly reify   'C:\\dev\\good-morning-nikhil\\node_modules\\@rolldown\\binding-freebsd-x64'
142 silly reify ]
143 verbose reify failed optional dependency C:\dev\good-morning-nikhil\node_modules\@rolldown\binding-darwin-x64
144 silly reify mark deleted [
144 silly reify   'C:\\dev\\good-morning-nikhil\\node_modules\\@rolldown\\binding-darwin-x64'
144 silly reify ]
145 verbose reify failed optional dependency C:\dev\good-morning-nikhil\node_modules\@rolldown\binding-darwin-arm64
146 silly reify mark deleted [
146 silly reify   'C:\\dev\\good-morning-nikhil\\node_modules\\@rolldown\\binding-darwin-arm64'
146 silly reify ]
147 verbose reify failed optional dependency C:\dev\good-morning-nikhil\node_modules\@rolldown\binding-android-arm64
148 silly reify mark deleted [
148 silly reify   'C:\\dev\\good-morning-nikhil\\node_modules\\@rolldown\\binding-android-arm64'
148 silly reify ]
149 verbose reify failed optional dependency C:\dev\good-morning-nikhil\node_modules\@next\swc-win32-arm64-msvc
150 silly reify mark deleted [
150 silly reify   'C:\\dev\\good-morning-nikhil\\node_modules\\@next\\swc-win32-arm64-msvc'
150 silly reify ]
151 verbose reify failed optional dependency C:\dev\good-morning-nikhil\node_modules\@next\swc-linux-x64-musl
152 silly reify mark deleted [
152 silly reify   'C:\\dev\\good-morning-nikhil\\node_modules\\@next\\swc-linux-x64-musl'
152 silly reify ]
153 verbose reify failed optional dependency C:\dev\good-morning-nikhil\node_modules\@next\swc-linux-x64-gnu
154 silly reify mark deleted [
154 silly reify   'C:\\dev\\good-morning-nikhil\\node_modules\\@next\\swc-linux-x64-gnu'
154 silly reify ]
155 verbose reify failed optional dependency C:\dev\good-morning-nikhil\node_modules\@next\swc-linux-arm64-musl
156 silly reify mark deleted [
156 silly reify   'C:\\dev\\good-morning-nikhil\\node_modules\\@next\\swc-linux-arm64-musl'
156 silly reify ]
157 verbose reify failed optional dependency C:\dev\good-morning-nikhil\node_modules\@next\swc-linux-arm64-gnu
158 silly reify mark deleted [
158 silly reify   'C:\\dev\\good-morning-nikhil\\node_modules\\@next\\swc-linux-arm64-gnu'
158 silly reify ]
159 verbose reify failed optional dependency C:\dev\good-morning-nikhil\node_modules\@next\swc-darwin-x64
160 silly reify mark deleted [ 'C:\\dev\\good-morning-nikhil\\node_modules\\@next\\swc-darwin-x64' ]
161 verbose reify failed optional dependency C:\dev\good-morning-nikhil\node_modules\@next\swc-darwin-arm64
162 silly reify mark deleted [
162 silly reify   'C:\\dev\\good-morning-nikhil\\node_modules\\@next\\swc-darwin-arm64'
162 silly reify ]
163 verbose reify failed optional dependency C:\dev\good-morning-nikhil\node_modules\@img\sharp-win32-ia32
164 silly reify mark deleted [
164 silly reify   'C:\\dev\\good-morning-nikhil\\node_modules\\@img\\sharp-win32-ia32'
164 silly reify ]
165 verbose reify failed optional dependency C:\dev\good-morning-nikhil\node_modules\@img\sharp-win32-arm64
166 silly reify mark deleted [
166 silly reify   'C:\\dev\\good-morning-nikhil\\node_modules\\@img\\sharp-win32-arm64'
166 silly reify ]
167 verbose reify failed optional dependency C:\dev\good-morning-nikhil\node_modules\@img\sharp-wasm32
168 silly reify mark deleted [ 'C:\\dev\\good-morning-nikhil\\node_modules\\@img\\sharp-wasm32' ]
169 verbose reify failed optional dependency C:\dev\good-morning-nikhil\node_modules\@img\sharp-linuxmusl-x64
170 silly reify mark deleted [
170 silly reify   'C:\\dev\\good-morning-nikhil\\node_modules\\@img\\sharp-linuxmusl-x64'
170 silly reify ]
171 verbose reify failed optional dependency C:\dev\good-morning-nikhil\node_modules\@img\sharp-linuxmusl-arm64
172 silly reify mark deleted [
172 silly reify   'C:\\dev\\good-morning-nikhil\\node_modules\\@img\\sharp-linuxmusl-arm64'
172 silly reify ]
173 verbose reify failed optional dependency C:\dev\good-morning-nikhil\node_modules\@img\sharp-linux-x64
174 silly reify mark deleted [ 'C:\\dev\\good-morning-nikhil\\node_modules\\@img\\sharp-linux-x64' ]
175 verbose reify failed optional dependency C:\dev\good-morning-nikhil\node_modules\@img\sharp-linux-s390x
176 silly reify mark deleted [
176 silly reify   'C:\\dev\\good-morning-nikhil\\node_modules\\@img\\sharp-linux-s390x'
176 silly reify ]
177 verbose reify failed optional dependency C:\dev\good-morning-nikhil\node_modules\@img\sharp-linux-riscv64
178 silly reify mark deleted [
178 silly reify   'C:\\dev\\good-morning-nikhil\\node_modules\\@img\\sharp-linux-riscv64'
178 silly reify ]
179 verbose reify failed optional dependency C:\dev\good-morning-nikhil\node_modules\@img\sharp-linux-ppc64
180 silly reify mark deleted [
180 silly reify   'C:\\dev\\good-morning-nikhil\\node_modules\\@img\\sharp-linux-ppc64'
180 silly reify ]
181 verbose reify failed optional dependency C:\dev\good-morning-nikhil\node_modules\@img\sharp-linux-arm64
182 silly reify mark deleted [
182 silly reify   'C:\\dev\\good-morning-nikhil\\node_modules\\@img\\sharp-linux-arm64'
182 silly reify ]
183 verbose reify failed optional dependency C:\dev\good-morning-nikhil\node_modules\@img\sharp-linux-arm
184 silly reify mark deleted [ 'C:\\dev\\good-morning-nikhil\\node_modules\\@img\\sharp-linux-arm' ]
185 verbose reify failed optional dependency C:\dev\good-morning-nikhil\node_modules\@img\sharp-libvips-linuxmusl-x64
186 silly reify mark deleted [
186 silly reify   'C:\\dev\\good-morning-nikhil\\node_modules\\@img\\sharp-libvips-linuxmusl-x64'
186 silly reify ]
187 verbose reify failed optional dependency C:\dev\good-morning-nikhil\node_modules\@img\sharp-libvips-linuxmusl-arm64
188 silly reify mark deleted [
188 silly reify   'C:\\dev\\good-morning-nikhil\\node_modules\\@img\\sharp-libvips-linuxmusl-arm64'
188 silly reify ]
189 verbose reify failed optional dependency C:\dev\good-morning-nikhil\node_modules\@img\sharp-libvips-linux-x64
190 silly reify mark deleted [
190 silly reify   'C:\\dev\\good-morning-nikhil\\node_modules\\@img\\sharp-libvips-linux-x64'
190 silly reify ]
191 verbose reify failed optional dependency C:\dev\good-morning-nikhil\node_modules\@img\sharp-libvips-linux-s390x
192 silly reify mark deleted [
192 silly reify   'C:\\dev\\good-morning-nikhil\\node_modules\\@img\\sharp-libvips-linux-s390x'
192 silly reify ]
193 verbose reify failed optional dependency C:\dev\good-morning-nikhil\node_modules\@img\sharp-libvips-linux-riscv64
194 silly reify mark deleted [
194 silly reify   'C:\\dev\\good-morning-nikhil\\node_modules\\@img\\sharp-libvips-linux-riscv64'
194 silly reify ]
195 verbose reify failed optional dependency C:\dev\good-morning-nikhil\node_modules\@img\sharp-libvips-linux-ppc64
196 silly reify mark deleted [
196 silly reify   'C:\\dev\\good-morning-nikhil\\node_modules\\@img\\sharp-libvips-linux-ppc64'
196 silly reify ]
197 verbose reify failed optional dependency C:\dev\good-morning-nikhil\node_modules\@img\sharp-libvips-linux-arm64
198 silly reify mark deleted [
198 silly reify   'C:\\dev\\good-morning-nikhil\\node_modules\\@img\\sharp-libvips-linux-arm64'
198 silly reify ]
199 verbose reify failed optional dependency C:\dev\good-morning-nikhil\node_modules\@img\sharp-libvips-linux-arm
200 silly reify mark deleted [
200 silly reify   'C:\\dev\\good-morning-nikhil\\node_modules\\@img\\sharp-libvips-linux-arm'
200 silly reify ]
201 verbose reify failed optional dependency C:\dev\good-morning-nikhil\node_modules\@img\sharp-libvips-darwin-x64
202 silly reify mark deleted [
202 silly reify   'C:\\dev\\good-morning-nikhil\\node_modules\\@img\\sharp-libvips-darwin-x64'
202 silly reify ]
203 verbose reify failed optional dependency C:\dev\good-morning-nikhil\node_modules\@img\sharp-libvips-darwin-arm64
204 silly reify mark deleted [
204 silly reify   'C:\\dev\\good-morning-nikhil\\node_modules\\@img\\sharp-libvips-darwin-arm64'
204 silly reify ]
205 verbose reify failed optional dependency C:\dev\good-morning-nikhil\node_modules\@img\sharp-darwin-x64
206 silly reify mark deleted [
206 silly reify   'C:\\dev\\good-morning-nikhil\\node_modules\\@img\\sharp-darwin-x64'
206 silly reify ]
207 verbose reify failed optional dependency C:\dev\good-morning-nikhil\node_modules\@img\sharp-darwin-arm64
208 silly reify mark deleted [
208 silly reify   'C:\\dev\\good-morning-nikhil\\node_modules\\@img\\sharp-darwin-arm64'
208 silly reify ]
209 http cache @playwright/test@https://registry.npmjs.org/@playwright/test/-/test-1.59.1.tgz 0ms (cache hit)
210 http cache playwright@https://registry.npmjs.org/playwright/-/playwright-1.59.1.tgz 1ms (cache hit)
211 http cache playwright-core@https://registry.npmjs.org/playwright-core/-/playwright-core-1.59.1.tgz 0ms (cache hit)
212 silly tarball no local data for @playwright/test@https://registry.npmjs.org/@playwright/test/-/test-1.59.1.tgz. Extracting by manifest.
213 http cache @napi-rs/wasm-runtime@https://registry.npmjs.org/@napi-rs/wasm-runtime/-/wasm-runtime-1.1.3.tgz 0ms (cache hit)
214 silly tarball no local data for playwright@https://registry.npmjs.org/playwright/-/playwright-1.59.1.tgz. Extracting by manifest.
215 silly tarball no local data for playwright-core@https://registry.npmjs.org/playwright-core/-/playwright-core-1.59.1.tgz. Extracting by manifest.
216 silly tarball no local data for @napi-rs/wasm-runtime@https://registry.npmjs.org/@napi-rs/wasm-runtime/-/wasm-runtime-1.1.3.tgz. Extracting by manifest.
217 http fetch POST 200 https://registry.npmjs.org/-/npm/v1/security/advisories/bulk 148ms
218 silly audit report {}
219 http fetch GET 200 https://registry.npmjs.org/@playwright/test/-/test-1.59.1.tgz 182ms (cache miss)
220 http fetch GET 200 https://registry.npmjs.org/@napi-rs/wasm-runtime/-/wasm-runtime-1.1.3.tgz 499ms (cache miss)
221 http fetch GET 200 https://registry.npmjs.org/playwright/-/playwright-1.59.1.tgz 885ms (cache miss)
222 http fetch GET 200 https://registry.npmjs.org/playwright-core/-/playwright-core-1.59.1.tgz 1886ms (cache miss)
223 warn cleanup Failed to remove some directories [
223 warn cleanup   [
223 warn cleanup     'C:\\dev\\good-morning-nikhil\\node_modules\\@rolldown\\binding-wasm32-wasi\\node_modules\\@napi-rs\\wasm-runtime',
223 warn cleanup     [Error: EPERM: operation not permitted, rmdir 'C:\dev\good-morning-nikhil\node_modules\@rolldown\binding-wasm32-wasi\node_modules\@napi-rs\wasm-runtime\dist'] {
223 warn cleanup       errno: -4048,
223 warn cleanup       code: 'EPERM',
223 warn cleanup       syscall: 'rmdir',
223 warn cleanup       path: 'C:\\dev\\good-morning-nikhil\\node_modules\\@rolldown\\binding-wasm32-wasi\\node_modules\\@napi-rs\\wasm-runtime\\dist'
223 warn cleanup     }
223 warn cleanup   ]
223 warn cleanup ]
224 silly ADD node_modules/playwright-core
225 silly ADD node_modules/playwright
226 silly ADD
227 silly ADD node_modules/@playwright/test
228 silly ADD
229 silly ADD
230 silly ADD
231 silly ADD
232 silly ADD
233 silly ADD
234 silly ADD
235 silly ADD
236 silly ADD
237 silly ADD
238 silly ADD
239 silly ADD
240 silly ADD
241 silly ADD
242 silly ADD
243 silly ADD
244 silly ADD
245 silly ADD
246 silly ADD
247 silly ADD
248 silly ADD
249 silly ADD
250 silly ADD
251 silly ADD
252 silly ADD
253 silly ADD
254 silly ADD
255 silly ADD
256 silly ADD
257 silly ADD
258 silly ADD
259 silly ADD
260 silly ADD
261 silly ADD
262 silly ADD
263 silly ADD
264 silly ADD
265 silly ADD
266 silly ADD
267 silly ADD
268 silly ADD
269 silly ADD
270 silly ADD node_modules/@napi-rs/wasm-runtime
271 silly ADD
272 silly ADD
273 silly ADD
274 silly ADD
275 silly ADD
276 silly ADD
277 silly ADD
278 silly ADD
279 silly ADD
280 silly ADD
281 silly ADD
282 silly ADD
283 silly ADD
284 silly ADD
285 silly ADD
286 silly ADD
287 silly ADD
288 silly ADD
289 silly ADD
290 silly ADD
291 silly ADD
292 silly ADD
293 silly ADD
294 silly ADD
295 silly ADD
296 silly ADD
297 silly ADD
298 silly ADD
299 silly ADD
300 silly ADD
301 silly ADD
302 silly ADD
303 silly ADD
304 silly ADD
305 silly ADD
306 silly ADD
307 silly ADD
308 silly ADD
309 silly ADD
310 silly ADD
311 silly ADD
312 silly ADD
313 verbose cwd C:\dev\good-morning-nikhil
314 verbose os Windows_NT 10.0.26200
315 verbose node v22.20.0
316 verbose npm  v10.9.3
317 notice
317 notice New major version of npm available! 10.9.3 -> 11.12.1
317 notice Changelog: https://github.com/npm/cli/releases/tag/v11.12.1
317 notice To update run: npm install -g npm@11.12.1
317 notice  { force: true, [Symbol(proc-log.meta)]: true }
318 verbose exit 0
319 info ok
